<?xml version="1.0" encoding="UTF-8"?>
<!-- Generated by org.testng.reporters.JUnitReportReporter -->
<testsuite hostname="random1-MS-7A66" name="com.test.testcases.WelcomeTest" tests="2" failures="0" timestamp="19 Jan 2020 11:36:48 GMT" time="11.452" errors="0">
  <testcase name="tc001_passionTeaCo" time="0.445" classname="com.test.testcases.WelcomeTest"/>
  <testcase name="tc002_navigateLink" time="11.007" classname="com.test.testcases.WelcomeTest"/>
</testsuite> <!-- com.test.testcases.WelcomeTest -->
